<?xml version="1.0" encoding="UTF-8"?>
<testng-results skipped="10" failed="0" total="10" passed="0">
  <reporter-output>
  </reporter-output>
  <suite name="Orion1CLS" duration-ms="55579" started-at="2016-06-21T08:00:19Z" finished-at="2016-06-21T08:01:15Z">
    <groups>
    </groups>
    <test name="Orion1CLS_FireFox" duration-ms="55579" started-at="2016-06-21T08:00:19Z" finished-at="2016-06-21T08:01:15Z">
      <class name="orionLeadFlow.OrionLeadFlow">
        <test-method status="FAIL" signature="BeforeNavigation(java.lang.String)[pri:0, instance:orionLeadFlow.OrionLeadFlow@1fd17e3]" name="BeforeNavigation" is-config="true" duration-ms="0" started-at="2016-06-21T13:30:19Z" finished-at="2016-06-21T13:30:19Z">
          <params>
            <param index="0">
              <value>
                <![CDATA[firefox]]>
              </value>
            </param>
          </params>
          <exception class="org.openqa.selenium.WebDriverException">
            <message>
              <![CDATA[Error communicating with the remote browser. It may have died.
Build info: version: '2.46.0', revision: '87c69e2', time: '2015-06-04 16:16:47'
System info: host: 'PMISHRA-LAPTOP', ip: '10.163.105.94', os.name: 'Windows 7', os.arch: 'x86', os.version: '6.1', java.version: '1.8.0_45'
Driver info: driver.version: EventFiringWebDriver
Command duration or timeout: 6.59 seconds
Build info: version: '2.46.0', revision: '87c69e2', time: '2015-06-04 16:16:47'
System info: host: 'PMISHRA-LAPTOP', ip: '10.163.105.94', os.name: 'Windows 7', os.arch: 'x86', os.version: '6.1', java.version: '1.8.0_45'
Driver info: org.openqa.selenium.remote.RemoteWebDriver
Capabilities [{applicationCacheEnabled=true, rotatable=false, handlesAlerts=true, databaseEnabled=true, version=35.0.1, platform=WINDOWS, nativeEvents=false, acceptSslCerts=true, webdriver.remote.sessionid=2683aa93-49b8-4182-873c-a354bb99a660, webStorageEnabled=true, locationContextEnabled=true, browserName=firefox, takesScreenshot=true, javascriptEnabled=true, cssSelectorsEnabled=true}]
Session ID: 2683aa93-49b8-4182-873c-a354bb99a660
*** Element info: {Using=css selector, value=frame#Orion,iframe#Orion}]]>
            </message>
            <full-stacktrace>
              <![CDATA[org.openqa.selenium.WebDriverException: Error communicating with the remote browser. It may have died.
Build info: version: '2.46.0', revision: '87c69e2', time: '2015-06-04 16:16:47'
System info: host: 'PMISHRA-LAPTOP', ip: '10.163.105.94', os.name: 'Windows 7', os.arch: 'x86', os.version: '6.1', java.version: '1.8.0_45'
Driver info: driver.version: EventFiringWebDriver
Command duration or timeout: 6.59 seconds
Build info: version: '2.46.0', revision: '87c69e2', time: '2015-06-04 16:16:47'
System info: host: 'PMISHRA-LAPTOP', ip: '10.163.105.94', os.name: 'Windows 7', os.arch: 'x86', os.version: '6.1', java.version: '1.8.0_45'
Driver info: org.openqa.selenium.remote.RemoteWebDriver
Capabilities [{applicationCacheEnabled=true, rotatable=false, handlesAlerts=true, databaseEnabled=true, version=35.0.1, platform=WINDOWS, nativeEvents=false, acceptSslCerts=true, webdriver.remote.sessionid=2683aa93-49b8-4182-873c-a354bb99a660, webStorageEnabled=true, locationContextEnabled=true, browserName=firefox, takesScreenshot=true, javascriptEnabled=true, cssSelectorsEnabled=true}]
Session ID: 2683aa93-49b8-4182-873c-a354bb99a660
*** Element info: {Using=css selector, value=frame#Orion,iframe#Orion}
	at sun.reflect.NativeConstructorAccessorImpl.newInstance0(Native Method)
	at sun.reflect.NativeConstructorAccessorImpl.newInstance(Unknown Source)
	at sun.reflect.DelegatingConstructorAccessorImpl.newInstance(Unknown Source)
	at java.lang.reflect.Constructor.newInstance(Unknown Source)
	at org.openqa.selenium.remote.ErrorHandler.createThrowable(ErrorHandler.java:204)
	at org.openqa.selenium.remote.ErrorHandler.throwIfResponseFailed(ErrorHandler.java:156)
	at org.openqa.selenium.remote.RemoteWebDriver.execute(RemoteWebDriver.java:605)
	at org.openqa.selenium.remote.RemoteWebDriver.findElements(RemoteWebDriver.java:383)
	at org.openqa.selenium.remote.RemoteWebDriver.findElementsByCssSelector(RemoteWebDriver.java:451)
	at org.openqa.selenium.By$ByCssSelector.findElements(By.java:438)
	at org.openqa.selenium.remote.RemoteWebDriver.findElements(RemoteWebDriver.java:346)
	at org.openqa.selenium.remote.RemoteWebDriver$RemoteTargetLocator.frame(RemoteWebDriver.java:884)
	at orionLeadFlow.OrionLeadFlow.BeforeNavigation(OrionLeadFlow.java:165)
	at sun.reflect.NativeMethodAccessorImpl.invoke0(Native Method)
	at sun.reflect.NativeMethodAccessorImpl.invoke(Unknown Source)
	at sun.reflect.DelegatingMethodAccessorImpl.invoke(Unknown Source)
	at java.lang.reflect.Method.invoke(Unknown Source)
	at org.testng.internal.MethodInvocationHelper.invokeMethod(MethodInvocationHelper.java:84)
	at org.testng.internal.Invoker.invokeConfigurationMethod(Invoker.java:564)
	at org.testng.internal.Invoker.invokeConfigurations(Invoker.java:213)
	at org.testng.internal.Invoker.invokeConfigurations(Invoker.java:138)
	at org.testng.internal.TestMethodWorker.invokeBeforeClassMethods(TestMethodWorker.java:175)
	at org.testng.internal.TestMethodWorker.run(TestMethodWorker.java:107)
	at org.testng.TestRunner.privateRun(TestRunner.java:767)
	at org.testng.TestRunner.run(TestRunner.java:617)
	at org.testng.SuiteRunner.runTest(SuiteRunner.java:334)
	at org.testng.SuiteRunner.runSequentially(SuiteRunner.java:329)
	at org.testng.SuiteRunner.privateRun(SuiteRunner.java:291)
	at org.testng.SuiteRunner.run(SuiteRunner.java:240)
	at org.testng.SuiteRunnerWorker.runSuite(SuiteRunnerWorker.java:52)
	at org.testng.SuiteRunnerWorker.run(SuiteRunnerWorker.java:86)
	at org.testng.TestNG.runSuitesSequentially(TestNG.java:1224)
	at org.testng.TestNG.runSuitesLocally(TestNG.java:1149)
	at org.testng.TestNG.run(TestNG.java:1057)
	at org.testng.remote.RemoteTestNG.run(RemoteTestNG.java:111)
	at org.testng.remote.RemoteTestNG.initAndRun(RemoteTestNG.java:204)
	at org.testng.remote.RemoteTestNG.main(RemoteTestNG.java:175)
Caused by: org.openqa.selenium.remote.UnreachableBrowserException: Error communicating with the remote browser. It may have died.
Build info: version: '2.46.0', revision: '87c69e2', time: '2015-06-04 16:16:47'
System info: host: 'PMISHRA-LAPTOP', ip: '10.163.105.94', os.name: 'Windows 7', os.arch: 'x86', os.version: '6.1', java.version: '1.8.0_45'
Driver info: driver.version: EventFiringWebDriver
Build info: version: '2.46.0', revision: '87c69e2', time: '2015-06-04 16:16:47'
System info: host: 'PMISHRA-LAPTOP', ip: '10.163.105.94', os.name: 'Windows 7', os.arch: 'x86', os.version: '6.1', java.version: '1.8.0_45'
Driver info: driver.version: unknown
]]>
            </full-stacktrace>
          </exception> <!-- org.openqa.selenium.WebDriverException -->
          <reporter-output>
          </reporter-output>
        </test-method> <!-- BeforeNavigation -->
        <test-method status="SKIP" signature="BrowseToAddNewLeadPage(java.lang.reflect.Method)[pri:0, instance:orionLeadFlow.OrionLeadFlow@1fd17e3]" name="BrowseToAddNewLeadPage" duration-ms="10" started-at="2016-06-21T13:31:15Z" finished-at="2016-06-21T13:31:15Z">
          <params>
            <param index="0">
              <value>
                <![CDATA[public void orionLeadFlow.OrionLeadFlow.BrowseToAddNewLeadPage(java.lang.reflect.Method)]]>
              </value>
            </param>
          </params>
          <reporter-output>
          </reporter-output>
        </test-method> <!-- BrowseToAddNewLeadPage -->
        <test-method status="SKIP" signature="SaveContactInfo(java.lang.reflect.Method)[pri:0, instance:orionLeadFlow.OrionLeadFlow@1fd17e3]" name="SaveContactInfo" duration-ms="0" started-at="2016-06-21T13:31:15Z" depends-on-methods="orionLeadFlow.OrionLeadFlow.VerifyLeadInAdmisssionManager" finished-at="2016-06-21T13:31:15Z">
          <reporter-output>
          </reporter-output>
        </test-method> <!-- SaveContactInfo -->
        <test-method status="SKIP" signature="VerifyLeadInAdmisssionManager(java.lang.reflect.Method)[pri:0, instance:orionLeadFlow.OrionLeadFlow@1fd17e3]" name="VerifyLeadInAdmisssionManager" duration-ms="0" started-at="2016-06-21T13:31:15Z" depends-on-methods="orionLeadFlow.OrionLeadFlow.CreateLead" finished-at="2016-06-21T13:31:15Z">
          <reporter-output>
          </reporter-output>
        </test-method> <!-- VerifyLeadInAdmisssionManager -->
        <test-method status="SKIP" signature="ProgresstoContacted(java.lang.reflect.Method)[pri:0, instance:orionLeadFlow.OrionLeadFlow@1fd17e3]" name="ProgresstoContacted" duration-ms="0" started-at="2016-06-21T13:31:15Z" depends-on-methods="orionLeadFlow.OrionLeadFlow.SaveContactInfo" finished-at="2016-06-21T13:31:15Z">
          <reporter-output>
          </reporter-output>
        </test-method> <!-- ProgresstoContacted -->
        <test-method status="SKIP" signature="ProgressLeadtoIntScheduled(java.lang.reflect.Method)[pri:0, instance:orionLeadFlow.OrionLeadFlow@1fd17e3]" name="ProgressLeadtoIntScheduled" duration-ms="10" started-at="2016-06-21T13:31:15Z" depends-on-methods="orionLeadFlow.OrionLeadFlow.ProgresstoContacted" finished-at="2016-06-21T13:31:15Z">
          <reporter-output>
          </reporter-output>
        </test-method> <!-- ProgressLeadtoIntScheduled -->
        <test-method status="SKIP" signature="CreateLead(java.lang.reflect.Method)[pri:0, instance:orionLeadFlow.OrionLeadFlow@1fd17e3]" name="CreateLead" duration-ms="0" started-at="2016-06-21T13:31:15Z" depends-on-methods="orionLeadFlow.OrionLeadFlow.BrowseToAddNewLeadPage" finished-at="2016-06-21T13:31:15Z">
          <reporter-output>
          </reporter-output>
        </test-method> <!-- CreateLead -->
        <test-method status="SKIP" signature="ProgressLeadPendingEnrollment(java.lang.reflect.Method)[pri:0, instance:orionLeadFlow.OrionLeadFlow@1fd17e3]" name="ProgressLeadPendingEnrollment" duration-ms="0" started-at="2016-06-21T13:31:15Z" depends-on-methods="orionLeadFlow.OrionLeadFlow.ProgressLeadtoExamReceived" finished-at="2016-06-21T13:31:15Z">
          <reporter-output>
          </reporter-output>
        </test-method> <!-- ProgressLeadPendingEnrollment -->
        <test-method status="SKIP" signature="ProgressLeadtoIntComplete(java.lang.reflect.Method)[pri:0, instance:orionLeadFlow.OrionLeadFlow@1fd17e3]" name="ProgressLeadtoIntComplete" duration-ms="0" started-at="2016-06-21T13:31:15Z" depends-on-methods="orionLeadFlow.OrionLeadFlow.ProgressLeadtoIntScheduled" finished-at="2016-06-21T13:31:15Z">
          <reporter-output>
          </reporter-output>
        </test-method> <!-- ProgressLeadtoIntComplete -->
        <test-method status="SKIP" signature="ProgressLeadtoExamPending(java.lang.reflect.Method)[pri:0, instance:orionLeadFlow.OrionLeadFlow@1fd17e3]" name="ProgressLeadtoExamPending" duration-ms="0" started-at="2016-06-21T13:31:15Z" depends-on-methods="orionLeadFlow.OrionLeadFlow.ProgressLeadtoIntComplete" finished-at="2016-06-21T13:31:15Z">
          <reporter-output>
          </reporter-output>
        </test-method> <!-- ProgressLeadtoExamPending -->
        <test-method status="SKIP" signature="ProgressLeadtoExamReceived(java.lang.reflect.Method)[pri:0, instance:orionLeadFlow.OrionLeadFlow@1fd17e3]" name="ProgressLeadtoExamReceived" duration-ms="0" started-at="2016-06-21T13:31:15Z" depends-on-methods="orionLeadFlow.OrionLeadFlow.ProgressLeadtoExamPending" finished-at="2016-06-21T13:31:15Z">
          <reporter-output>
          </reporter-output>
        </test-method> <!-- ProgressLeadtoExamReceived -->
        <test-method status="SKIP" signature="AfterNavigation()[pri:0, instance:orionLeadFlow.OrionLeadFlow@1fd17e3]" name="AfterNavigation" is-config="true" duration-ms="0" started-at="2016-06-21T13:31:15Z" finished-at="2016-06-21T13:31:15Z">
          <reporter-output>
          </reporter-output>
        </test-method> <!-- AfterNavigation -->
      </class> <!-- orionLeadFlow.OrionLeadFlow -->
      <class name="environment.EnvironmentVariables">
        <test-method status="PASS" signature="BeforeSuite_Orion1(java.lang.String, java.lang.String, java.lang.String, org.testng.ITestContext)[pri:0, instance:environment.EnvironmentVariables@13c0b17]" name="BeforeSuite_Orion1" is-config="true" duration-ms="80" started-at="2016-06-21T13:30:19Z" finished-at="2016-06-21T13:30:19Z">
          <params>
            <param index="0">
              <value>
                <![CDATA[Stage]]>
              </value>
            </param>
            <param index="1">
              <value>
                <![CDATA[localhost]]>
              </value>
            </param>
            <param index="2">
              <value>
                <![CDATA[4444]]>
              </value>
            </param>
            <param index="3">
              <value>
                <![CDATA[org.testng.TestRunner@1fe41ea]]>
              </value>
            </param>
          </params>
          <reporter-output>
          </reporter-output>
        </test-method> <!-- BeforeSuite_Orion1 -->
      </class> <!-- environment.EnvironmentVariables -->
    </test> <!-- Orion1CLS_FireFox -->
  </suite> <!-- Orion1CLS -->
</testng-results>
